2021-09-23 03:44:03,033 - INFO - start.py[:30] - adb连接
2021-09-23 03:44:08,158 - INFO - start.py[:38] - b'* daemon not running. starting it now on port 5037 *\r\n* daemon started successfully *\r\nconnected to 127.0.0.1:7555\r\n'
2021-09-23 03:44:08,158 - DEBUG - imgcv.py[:19] - 拉取截图
2021-09-23 03:44:10,749 - DEBUG - imgcv.py[:24] - 找到位置:1789.0 925.0
2021-09-23 03:44:10,749 - DEBUG - operate.py[:129] - 开始代理行动
2021-09-23 03:44:10,749 - DEBUG - imgcv.py[:19] - 拉取截图
2021-09-23 03:44:13,361 - DEBUG - imgcv.py[:24] - 找到位置:1836.5 1025.5
2021-09-23 03:44:17,100 - DEBUG - imgcv.py[:37] - 点击:1836.5 1025.5
2021-09-23 03:44:17,101 - DEBUG - imgcv.py[:19] - 拉取截图
2021-09-23 03:44:19,685 - DEBUG - imgcv.py[:19] - 拉取截图
2021-09-23 03:44:21,747 - DEBUG - imgcv.py[:24] - 找到位置:1723.5 790.5
2021-09-23 03:44:25,517 - DEBUG - imgcv.py[:37] - 点击:1723.5 790.5
2021-09-23 03:44:25,517 - INFO - operate.py[:135] - 第1次战斗
2021-09-23 03:44:25,517 - DEBUG - imgcv.py[:19] - 拉取截图
2021-09-23 03:44:27,897 - DEBUG - imgcv.py[:19] - 拉取截图
2021-09-23 03:44:29,534 - DEBUG - imgcv.py[:19] - 拉取截图
2021-09-23 03:44:30,885 - DEBUG - imgcv.py[:19] - 拉取截图
2021-09-23 03:44:32,992 - DEBUG - imgcv.py[:19] - 拉取截图
2021-09-23 03:44:35,555 - DEBUG - imgcv.py[:24] - 找到位置:123.5 82.5
2021-09-23 03:44:45,556 - DEBUG - imgcv.py[:19] - 拉取截图
2021-09-23 03:44:48,056 - DEBUG - imgcv.py[:24] - 找到位置:123.5 82.5
2021-09-23 03:44:48,056 - INFO - operate.py[:140] - 已经12s,战斗还未结束
2021-09-23 03:44:58,058 - DEBUG - imgcv.py[:19] - 拉取截图
2021-09-23 03:45:00,468 - DEBUG - imgcv.py[:24] - 找到位置:123.5 82.5
2021-09-23 03:45:00,468 - INFO - operate.py[:140] - 已经24s,战斗还未结束
2021-09-23 03:45:10,469 - DEBUG - imgcv.py[:19] - 拉取截图
2021-09-23 03:45:12,999 - DEBUG - imgcv.py[:24] - 找到位置:123.5 82.5
2021-09-23 03:45:12,999 - INFO - operate.py[:140] - 已经37s,战斗还未结束
2021-09-23 03:45:23,000 - DEBUG - imgcv.py[:19] - 拉取截图
2021-09-23 03:45:25,462 - DEBUG - imgcv.py[:24] - 找到位置:123.5 82.5
2021-09-23 03:45:25,462 - INFO - operate.py[:140] - 已经49s,战斗还未结束
2021-09-23 03:45:35,464 - DEBUG - imgcv.py[:19] - 拉取截图
2021-09-23 03:45:37,937 - DEBUG - imgcv.py[:24] - 找到位置:123.5 82.5
2021-09-23 03:45:37,938 - INFO - operate.py[:140] - 已经62s,战斗还未结束
2021-09-23 03:45:47,938 - DEBUG - imgcv.py[:19] - 拉取截图
2021-09-23 03:45:50,357 - DEBUG - imgcv.py[:24] - 找到位置:123.5 82.5
2021-09-23 03:45:50,358 - INFO - operate.py[:140] - 已经74s,战斗还未结束
2021-09-23 03:46:00,359 - DEBUG - imgcv.py[:19] - 拉取截图
2021-09-23 03:46:02,908 - DEBUG - imgcv.py[:24] - 找到位置:123.5 82.5
2021-09-23 03:46:02,908 - INFO - operate.py[:140] - 已经87s,战斗还未结束
2021-09-23 03:46:12,909 - DEBUG - imgcv.py[:19] - 拉取截图
2021-09-23 03:46:15,523 - DEBUG - imgcv.py[:24] - 找到位置:123.5 82.5
2021-09-23 03:46:15,523 - INFO - operate.py[:140] - 已经99s,战斗还未结束
2021-09-23 03:46:25,524 - DEBUG - imgcv.py[:19] - 拉取截图
2021-09-23 03:46:27,917 - DEBUG - imgcv.py[:24] - 找到位置:123.5 82.5
2021-09-23 03:46:27,917 - INFO - operate.py[:140] - 已经112s,战斗还未结束
2021-09-23 03:46:37,918 - DEBUG - imgcv.py[:19] - 拉取截图
2021-09-23 03:46:40,331 - DEBUG - imgcv.py[:24] - 找到位置:123.5 82.5
2021-09-23 03:46:40,331 - INFO - operate.py[:140] - 已经124s,战斗还未结束
2021-09-23 03:46:50,333 - DEBUG - imgcv.py[:19] - 拉取截图
2021-09-23 03:46:52,101 - DEBUG - imgcv.py[:19] - 拉取截图
2021-09-23 03:46:53,961 - DEBUG - imgcv.py[:19] - 拉取截图
2021-09-23 03:46:55,626 - DEBUG - imgcv.py[:19] - 拉取截图
2021-09-23 03:46:57,446 - DEBUG - imgcv.py[:19] - 拉取截图
2021-09-23 03:46:59,111 - DEBUG - imgcv.py[:19] - 拉取截图
2021-09-23 03:47:00,745 - INFO - operate.py[:141] - 第1次战斗结束
2021-09-23 03:47:05,747 - DEBUG - imgcv.py[:46] - 随意点击1900,10
2021-09-23 03:47:10,233 - DEBUG - imgcv.py[:19] - 拉取截图
2021-09-23 03:47:12,647 - DEBUG - imgcv.py[:24] - 找到位置:1836.5 1025.5
2021-09-23 03:47:12,647 - DEBUG - imgcv.py[:19] - 拉取截图
2021-09-23 03:47:15,044 - DEBUG - imgcv.py[:24] - 找到位置:1789.0 925.0
2021-09-23 03:47:15,044 - DEBUG - operate.py[:129] - 开始代理行动
2021-09-23 03:47:15,044 - DEBUG - imgcv.py[:19] - 拉取截图
2021-09-23 03:47:17,654 - DEBUG - imgcv.py[:24] - 找到位置:1836.5 1025.5
2021-09-23 03:47:21,333 - DEBUG - imgcv.py[:37] - 点击:1836.5 1025.5
2021-09-23 03:47:21,334 - DEBUG - imgcv.py[:19] - 拉取截图
2021-09-23 03:47:23,880 - DEBUG - imgcv.py[:19] - 拉取截图
2021-09-23 03:47:25,873 - DEBUG - imgcv.py[:24] - 找到位置:1723.5 790.5
2021-09-23 03:47:29,488 - DEBUG - imgcv.py[:37] - 点击:1723.5 790.5
2021-09-23 03:47:29,488 - INFO - operate.py[:135] - 第2次战斗
2021-09-23 03:47:29,488 - DEBUG - imgcv.py[:19] - 拉取截图
2021-09-23 03:47:31,518 - DEBUG - imgcv.py[:19] - 拉取截图
2021-09-23 03:47:32,955 - DEBUG - imgcv.py[:19] - 拉取截图
2021-09-23 03:47:34,651 - DEBUG - imgcv.py[:19] - 拉取截图
2021-09-23 03:47:36,366 - DEBUG - imgcv.py[:19] - 拉取截图
2021-09-23 03:47:38,803 - DEBUG - imgcv.py[:24] - 找到位置:123.5 82.5
2021-09-23 03:47:48,804 - DEBUG - imgcv.py[:19] - 拉取截图
2021-09-23 03:47:51,245 - DEBUG - imgcv.py[:24] - 找到位置:123.5 82.5
2021-09-23 03:47:51,245 - INFO - operate.py[:140] - 已经12s,战斗还未结束
2021-09-23 03:48:01,246 - DEBUG - imgcv.py[:19] - 拉取截图
2021-09-23 03:48:03,564 - DEBUG - imgcv.py[:24] - 找到位置:123.5 82.5
2021-09-23 03:48:03,564 - INFO - operate.py[:140] - 已经24s,战斗还未结束
2021-09-23 03:48:13,566 - DEBUG - imgcv.py[:19] - 拉取截图
2021-09-23 03:48:15,951 - DEBUG - imgcv.py[:24] - 找到位置:123.5 82.5
2021-09-23 03:48:15,951 - INFO - operate.py[:140] - 已经37s,战斗还未结束
2021-09-23 03:48:25,952 - DEBUG - imgcv.py[:19] - 拉取截图
2021-09-23 03:48:28,297 - DEBUG - imgcv.py[:24] - 找到位置:123.5 82.5
2021-09-23 03:48:28,297 - INFO - operate.py[:140] - 已经49s,战斗还未结束
2021-09-23 03:48:38,298 - DEBUG - imgcv.py[:19] - 拉取截图
2021-09-23 03:48:40,646 - DEBUG - imgcv.py[:24] - 找到位置:123.5 82.5
2021-09-23 03:48:40,646 - INFO - operate.py[:140] - 已经61s,战斗还未结束
2021-09-23 03:48:50,646 - DEBUG - imgcv.py[:19] - 拉取截图
2021-09-23 03:48:53,063 - DEBUG - imgcv.py[:24] - 找到位置:123.5 82.5
2021-09-23 03:48:53,063 - INFO - operate.py[:140] - 已经74s,战斗还未结束
2021-09-23 03:49:03,064 - DEBUG - imgcv.py[:19] - 拉取截图
2021-09-23 03:49:05,471 - DEBUG - imgcv.py[:24] - 找到位置:123.5 82.5
2021-09-23 03:49:05,471 - INFO - operate.py[:140] - 已经86s,战斗还未结束
2021-09-23 03:49:15,471 - DEBUG - imgcv.py[:19] - 拉取截图
2021-09-23 03:49:17,838 - DEBUG - imgcv.py[:24] - 找到位置:123.5 82.5
2021-09-23 03:49:17,838 - INFO - operate.py[:140] - 已经99s,战斗还未结束
2021-09-23 03:49:27,839 - DEBUG - imgcv.py[:19] - 拉取截图
2021-09-23 03:49:30,310 - DEBUG - imgcv.py[:24] - 找到位置:123.5 82.5
2021-09-23 03:49:30,310 - INFO - operate.py[:140] - 已经111s,战斗还未结束
2021-09-23 03:49:40,311 - DEBUG - imgcv.py[:19] - 拉取截图
2021-09-23 03:49:42,581 - DEBUG - imgcv.py[:24] - 找到位置:123.5 82.5
2021-09-23 03:49:42,582 - INFO - operate.py[:140] - 已经123s,战斗还未结束
2021-09-23 03:49:52,583 - DEBUG - imgcv.py[:19] - 拉取截图
2021-09-23 03:49:54,337 - DEBUG - imgcv.py[:19] - 拉取截图
2021-09-23 03:49:55,986 - DEBUG - imgcv.py[:19] - 拉取截图
2021-09-23 03:49:57,782 - DEBUG - imgcv.py[:19] - 拉取截图
2021-09-23 03:49:59,356 - DEBUG - imgcv.py[:19] - 拉取截图
2021-09-23 03:50:01,127 - DEBUG - imgcv.py[:19] - 拉取截图
2021-09-23 03:50:02,938 - INFO - operate.py[:141] - 第2次战斗结束
2021-09-23 03:50:07,940 - DEBUG - imgcv.py[:46] - 随意点击1900,10
2021-09-23 03:50:12,297 - DEBUG - imgcv.py[:19] - 拉取截图
2021-09-23 03:50:14,717 - DEBUG - imgcv.py[:24] - 找到位置:1836.5 1025.5
2021-09-23 03:50:14,717 - DEBUG - imgcv.py[:19] - 拉取截图
2021-09-23 03:50:17,112 - DEBUG - imgcv.py[:24] - 找到位置:1789.0 925.0
2021-09-23 03:50:17,112 - DEBUG - operate.py[:129] - 开始代理行动
2021-09-23 03:50:17,113 - DEBUG - imgcv.py[:19] - 拉取截图
2021-09-23 03:50:19,671 - DEBUG - imgcv.py[:24] - 找到位置:1836.5 1025.5
2021-09-23 03:50:23,449 - DEBUG - imgcv.py[:37] - 点击:1836.5 1025.5
2021-09-23 03:50:23,449 - DEBUG - imgcv.py[:19] - 拉取截图
2021-09-23 03:50:26,082 - DEBUG - imgcv.py[:19] - 拉取截图
2021-09-23 03:50:28,144 - DEBUG - imgcv.py[:24] - 找到位置:1723.5 790.5
2021-09-23 03:50:31,869 - DEBUG - imgcv.py[:37] - 点击:1723.5 790.5
2021-09-23 03:50:31,869 - INFO - operate.py[:135] - 第3次战斗
2021-09-23 03:50:31,869 - DEBUG - imgcv.py[:19] - 拉取截图
2021-09-23 03:50:34,026 - DEBUG - imgcv.py[:19] - 拉取截图
2021-09-23 03:50:35,500 - DEBUG - imgcv.py[:19] - 拉取截图
2021-09-23 03:50:36,975 - DEBUG - imgcv.py[:19] - 拉取截图
2021-09-23 03:50:38,649 - DEBUG - imgcv.py[:19] - 拉取截图
2021-09-23 03:50:41,072 - DEBUG - imgcv.py[:24] - 找到位置:123.5 82.5
2021-09-23 03:50:51,073 - DEBUG - imgcv.py[:19] - 拉取截图
2021-09-23 03:50:53,476 - DEBUG - imgcv.py[:24] - 找到位置:123.5 82.5
2021-09-23 03:50:53,476 - INFO - operate.py[:140] - 已经12s,战斗还未结束
2021-09-23 03:51:03,478 - DEBUG - imgcv.py[:19] - 拉取截图
2021-09-23 03:51:05,956 - DEBUG - imgcv.py[:24] - 找到位置:123.5 82.5
2021-09-23 03:51:05,956 - INFO - operate.py[:140] - 已经24s,战斗还未结束
2021-09-23 03:51:15,958 - DEBUG - imgcv.py[:19] - 拉取截图
2021-09-23 03:51:18,412 - DEBUG - imgcv.py[:24] - 找到位置:123.5 82.5
2021-09-23 03:51:18,412 - INFO - operate.py[:140] - 已经37s,战斗还未结束
2021-09-23 03:51:28,413 - DEBUG - imgcv.py[:19] - 拉取截图
2021-09-23 03:51:30,825 - DEBUG - imgcv.py[:24] - 找到位置:123.5 82.5
2021-09-23 03:51:30,825 - INFO - operate.py[:140] - 已经49s,战斗还未结束
2021-09-23 03:51:40,826 - DEBUG - imgcv.py[:19] - 拉取截图
2021-09-23 03:51:43,225 - DEBUG - imgcv.py[:24] - 找到位置:123.5 82.5
2021-09-23 03:51:43,226 - INFO - operate.py[:140] - 已经62s,战斗还未结束
2021-09-23 03:51:53,227 - DEBUG - imgcv.py[:19] - 拉取截图
2021-09-23 03:51:55,729 - DEBUG - imgcv.py[:24] - 找到位置:123.5 82.5
2021-09-23 03:51:55,729 - INFO - operate.py[:140] - 已经74s,战斗还未结束
2021-09-23 03:52:05,729 - DEBUG - imgcv.py[:19] - 拉取截图
2021-09-23 03:52:08,305 - DEBUG - imgcv.py[:24] - 找到位置:123.5 82.5
2021-09-23 03:52:08,305 - INFO - operate.py[:140] - 已经87s,战斗还未结束
2021-09-23 03:52:18,306 - DEBUG - imgcv.py[:19] - 拉取截图
2021-09-23 03:52:20,778 - DEBUG - imgcv.py[:24] - 找到位置:123.5 82.5
2021-09-23 03:52:20,778 - INFO - operate.py[:140] - 已经99s,战斗还未结束
2021-09-23 03:52:30,780 - DEBUG - imgcv.py[:19] - 拉取截图
2021-09-23 03:52:33,187 - DEBUG - imgcv.py[:24] - 找到位置:123.5 82.5
2021-09-23 03:52:33,187 - INFO - operate.py[:140] - 已经112s,战斗还未结束
2021-09-23 03:52:43,187 - DEBUG - imgcv.py[:19] - 拉取截图
2021-09-23 03:52:45,565 - DEBUG - imgcv.py[:24] - 找到位置:123.5 82.5
2021-09-23 03:52:45,566 - INFO - operate.py[:140] - 已经124s,战斗还未结束
2021-09-23 03:52:55,566 - DEBUG - imgcv.py[:19] - 拉取截图
2021-09-23 03:52:57,449 - DEBUG - imgcv.py[:19] - 拉取截图
2021-09-23 03:52:59,162 - DEBUG - imgcv.py[:19] - 拉取截图
2021-09-23 03:53:01,633 - DEBUG - imgcv.py[:19] - 拉取截图
2021-09-23 03:53:04,065 - DEBUG - imgcv.py[:19] - 拉取截图
2021-09-23 03:53:06,385 - INFO - operate.py[:141] - 第3次战斗结束
2021-09-23 03:53:11,387 - DEBUG - imgcv.py[:46] - 随意点击1900,10
2021-09-23 03:53:15,872 - DEBUG - imgcv.py[:19] - 拉取截图
2021-09-23 03:53:17,940 - DEBUG - imgcv.py[:19] - 拉取截图
2021-09-23 03:53:19,519 - DEBUG - imgcv.py[:19] - 拉取截图
2021-09-23 03:53:20,828 - DEBUG - imgcv.py[:19] - 拉取截图
2021-09-23 03:53:21,794 - DEBUG - imgcv.py[:19] - 拉取截图
2021-09-23 03:53:22,941 - DEBUG - imgcv.py[:19] - 拉取截图
2021-09-23 03:53:24,367 - DEBUG - imgcv.py[:19] - 拉取截图
2021-09-23 03:53:25,870 - DEBUG - imgcv.py[:46] - 随意点击1900,10
2021-09-23 03:53:30,293 - DEBUG - imgcv.py[:19] - 拉取截图
2021-09-23 03:53:31,414 - DEBUG - imgcv.py[:19] - 拉取截图
2021-09-23 03:53:32,624 - DEBUG - imgcv.py[:19] - 拉取截图
2021-09-23 03:53:33,702 - DEBUG - imgcv.py[:19] - 拉取截图
2021-09-23 03:53:34,622 - DEBUG - imgcv.py[:19] - 拉取截图
2021-09-23 03:53:35,607 - DEBUG - imgcv.py[:19] - 拉取截图
2021-09-23 03:53:36,525 - DEBUG - imgcv.py[:19] - 拉取截图
2021-09-23 03:53:37,579 - DEBUG - imgcv.py[:19] - 拉取截图
2021-09-23 03:53:38,550 - DEBUG - imgcv.py[:19] - 拉取截图
2021-09-23 03:53:39,474 - DEBUG - imgcv.py[:19] - 拉取截图
2021-09-23 03:53:40,337 - DEBUG - imgcv.py[:46] - 随意点击1900,10
2021-09-23 03:53:44,697 - DEBUG - imgcv.py[:19] - 拉取截图
2021-09-23 03:53:45,766 - DEBUG - imgcv.py[:19] - 拉取截图
2021-09-23 03:53:46,736 - DEBUG - imgcv.py[:19] - 拉取截图
2021-09-23 03:53:47,880 - DEBUG - imgcv.py[:19] - 拉取截图
2021-09-23 03:53:48,805 - DEBUG - imgcv.py[:19] - 拉取截图
2021-09-23 03:53:50,478 - DEBUG - imgcv.py[:19] - 拉取截图
2021-09-23 03:53:52,337 - DEBUG - imgcv.py[:19] - 拉取截图
2021-09-23 03:53:54,377 - DEBUG - imgcv.py[:19] - 拉取截图
2021-09-23 03:53:56,877 - DEBUG - imgcv.py[:46] - 随意点击1900,10
